[2024-10-28T16:49:59.664+0000] {taskinstance.py:1083} INFO - Dependencies all met for <TaskInstance: create_bronze_ddl.create_customer_table manual__2024-10-28T16:49:57.335484+00:00 [queued]>
[2024-10-28T16:49:59.680+0000] {taskinstance.py:1083} INFO - Dependencies all met for <TaskInstance: create_bronze_ddl.create_customer_table manual__2024-10-28T16:49:57.335484+00:00 [queued]>
[2024-10-28T16:49:59.681+0000] {taskinstance.py:1279} INFO - 
--------------------------------------------------------------------------------
[2024-10-28T16:49:59.682+0000] {taskinstance.py:1280} INFO - Starting attempt 1 of 2
[2024-10-28T16:49:59.682+0000] {taskinstance.py:1281} INFO - 
--------------------------------------------------------------------------------
[2024-10-28T16:49:59.700+0000] {taskinstance.py:1300} INFO - Executing <Task(PostgresOperator): create_customer_table> on 2024-10-28 16:49:57.335484+00:00
[2024-10-28T16:49:59.708+0000] {standard_task_runner.py:55} INFO - Started process 5362 to run task
[2024-10-28T16:49:59.711+0000] {standard_task_runner.py:82} INFO - Running: ['***', 'tasks', 'run', 'create_bronze_ddl', 'create_customer_table', 'manual__2024-10-28T16:49:57.335484+00:00', '--job-id', '33', '--raw', '--subdir', 'DAGS_FOLDER/create_bronze_ddl.py', '--cfg-path', '/tmp/tmprexzl256']
[2024-10-28T16:49:59.712+0000] {standard_task_runner.py:83} INFO - Job 33: Subtask create_customer_table
[2024-10-28T16:49:59.782+0000] {task_command.py:388} INFO - Running <TaskInstance: create_bronze_ddl.create_customer_table manual__2024-10-28T16:49:57.335484+00:00 [running]> on host 351cc7a93433
[2024-10-28T16:49:59.859+0000] {taskinstance.py:1509} INFO - Exporting the following env vars:
AIRFLOW_CTX_DAG_OWNER=anduy
AIRFLOW_CTX_DAG_ID=create_bronze_ddl
AIRFLOW_CTX_TASK_ID=create_customer_table
AIRFLOW_CTX_EXECUTION_DATE=2024-10-28T16:49:57.335484+00:00
AIRFLOW_CTX_TRY_NUMBER=1
AIRFLOW_CTX_DAG_RUN_ID=manual__2024-10-28T16:49:57.335484+00:00
[2024-10-28T16:49:59.860+0000] {sql.py:254} INFO - Executing: CREATE TABLE IF NOT EXISTS bronze.Customer (
    Customer_id SERIAL PRIMARY KEY,       -- Khóa chính, tự động tăng
    Name VARCHAR(255),                    -- Có thể để null
    Email VARCHAR(255),                   -- Có thể để null
    Phone VARCHAR(20),                    -- Có thể để null
    Address TEXT,                         -- Có thể để null
    City_id INTEGER,                      -- Có thể để null
    Age INTEGER,                          -- Có thể để null
    Gender VARCHAR(10),                   -- Có thể để null, dùng giá trị như 'Male', 'Female', v.v.
    Income DECIMAL(15, 2),                -- Có thể để null, định dạng cho thu nhập
    Customer_segment VARCHAR(50)          -- Có thể để null, phân đoạn khách hàng
);
[2024-10-28T16:49:59.868+0000] {base.py:73} INFO - Using connection ID 'Airflow_postgres' for task execution.
[2024-10-28T16:50:00.072+0000] {base.py:73} INFO - Using connection ID 'Airflow_postgres' for task execution.
[2024-10-28T16:50:00.076+0000] {sql.py:375} INFO - Running statement: CREATE TABLE IF NOT EXISTS bronze.Customer (
    Customer_id SERIAL PRIMARY KEY,       -- Khóa chính, tự động tăng
    Name VARCHAR(255),                    -- Có thể để null
    Email VARCHAR(255),                   -- Có thể để null
    Phone VARCHAR(20),                    -- Có thể để null
    Address TEXT,                         -- Có thể để null
    City_id INTEGER,                      -- Có thể để null
    Age INTEGER,                          -- Có thể để null
    Gender VARCHAR(10),                   -- Có thể để null, dùng giá trị như 'Male', 'Female', v.v.
    Income DECIMAL(15, 2),                -- Có thể để null, định dạng cho thu nhập
    Customer_segment VARCHAR(50)          -- Có thể để null, phân đoạn khách hàng
);, parameters: None
[2024-10-28T16:50:00.087+0000] {taskinstance.py:1323} INFO - Marking task as SUCCESS. dag_id=create_bronze_ddl, task_id=create_customer_table, execution_date=20241028T164957, start_date=20241028T164959, end_date=20241028T165000
[2024-10-28T16:50:00.125+0000] {local_task_job.py:208} INFO - Task exited with return code 0
[2024-10-28T16:50:00.160+0000] {taskinstance.py:2578} INFO - 0 downstream tasks scheduled from follow-on schedule check
