[2024-10-28T16:38:38.866+0000] {taskinstance.py:1083} INFO - Dependencies all met for <TaskInstance: create_bronze_ddl.create_customer_table manual__2024-10-28T16:38:36.502638+00:00 [queued]>
[2024-10-28T16:38:38.877+0000] {taskinstance.py:1083} INFO - Dependencies all met for <TaskInstance: create_bronze_ddl.create_customer_table manual__2024-10-28T16:38:36.502638+00:00 [queued]>
[2024-10-28T16:38:38.877+0000] {taskinstance.py:1279} INFO - 
--------------------------------------------------------------------------------
[2024-10-28T16:38:38.878+0000] {taskinstance.py:1280} INFO - Starting attempt 1 of 2
[2024-10-28T16:38:38.878+0000] {taskinstance.py:1281} INFO - 
--------------------------------------------------------------------------------
[2024-10-28T16:38:38.897+0000] {taskinstance.py:1300} INFO - Executing <Task(PostgresOperator): create_customer_table> on 2024-10-28 16:38:36.502638+00:00
[2024-10-28T16:38:38.906+0000] {standard_task_runner.py:55} INFO - Started process 4195 to run task
[2024-10-28T16:38:38.911+0000] {standard_task_runner.py:82} INFO - Running: ['***', 'tasks', 'run', 'create_bronze_ddl', 'create_customer_table', 'manual__2024-10-28T16:38:36.502638+00:00', '--job-id', '28', '--raw', '--subdir', 'DAGS_FOLDER/create_bronze_ddl.py', '--cfg-path', '/tmp/tmpsnb_13jm']
[2024-10-28T16:38:38.912+0000] {standard_task_runner.py:83} INFO - Job 28: Subtask create_customer_table
[2024-10-28T16:38:38.986+0000] {task_command.py:388} INFO - Running <TaskInstance: create_bronze_ddl.create_customer_table manual__2024-10-28T16:38:36.502638+00:00 [running]> on host 351cc7a93433
[2024-10-28T16:38:39.065+0000] {taskinstance.py:1509} INFO - Exporting the following env vars:
AIRFLOW_CTX_DAG_OWNER=anduy
AIRFLOW_CTX_DAG_ID=create_bronze_ddl
AIRFLOW_CTX_TASK_ID=create_customer_table
AIRFLOW_CTX_EXECUTION_DATE=2024-10-28T16:38:36.502638+00:00
AIRFLOW_CTX_TRY_NUMBER=1
AIRFLOW_CTX_DAG_RUN_ID=manual__2024-10-28T16:38:36.502638+00:00
[2024-10-28T16:38:39.066+0000] {sql.py:254} INFO - Executing: CREATE TABLE IF NOT EXISTS bronze.Customer (
    Customer_id SERIAL PRIMARY KEY,       -- Khóa chính, tự động tăng
    Name VARCHAR(255),                    -- Có thể để null
    Email VARCHAR(255),                   -- Có thể để null
    Phone VARCHAR(20),                    -- Có thể để null
    Address TEXT,                         -- Có thể để null
    City_id INTEGER,                      -- Có thể để null
    Age INTEGER,                          -- Có thể để null
    Gender VARCHAR(10),                   -- Có thể để null, dùng giá trị như 'Male', 'Female', v.v.
    Income DECIMAL(15, 2),                -- Có thể để null, định dạng cho thu nhập
    Customer_segment VARCHAR(50)          -- Có thể để null, phân đoạn khách hàng
);
[2024-10-28T16:38:39.075+0000] {base.py:73} INFO - Using connection ID 'Airflow_postgres' for task execution.
[2024-10-28T16:38:39.281+0000] {base.py:73} INFO - Using connection ID 'Airflow_postgres' for task execution.
[2024-10-28T16:38:39.284+0000] {sql.py:375} INFO - Running statement: CREATE TABLE IF NOT EXISTS bronze.Customer (
    Customer_id SERIAL PRIMARY KEY,       -- Khóa chính, tự động tăng
    Name VARCHAR(255),                    -- Có thể để null
    Email VARCHAR(255),                   -- Có thể để null
    Phone VARCHAR(20),                    -- Có thể để null
    Address TEXT,                         -- Có thể để null
    City_id INTEGER,                      -- Có thể để null
    Age INTEGER,                          -- Có thể để null
    Gender VARCHAR(10),                   -- Có thể để null, dùng giá trị như 'Male', 'Female', v.v.
    Income DECIMAL(15, 2),                -- Có thể để null, định dạng cho thu nhập
    Customer_segment VARCHAR(50)          -- Có thể để null, phân đoạn khách hàng
);, parameters: None
[2024-10-28T16:38:39.306+0000] {taskinstance.py:1323} INFO - Marking task as SUCCESS. dag_id=create_bronze_ddl, task_id=create_customer_table, execution_date=20241028T163836, start_date=20241028T163838, end_date=20241028T163839
[2024-10-28T16:38:39.363+0000] {local_task_job.py:208} INFO - Task exited with return code 0
[2024-10-28T16:38:39.398+0000] {taskinstance.py:2578} INFO - 0 downstream tasks scheduled from follow-on schedule check
