[2024-10-28T16:37:46.452+0000] {taskinstance.py:1083} INFO - Dependencies all met for <TaskInstance: create_bronze_ddl.create_transaction_table manual__2024-10-28T16:37:44.172953+00:00 [queued]>
[2024-10-28T16:37:46.478+0000] {taskinstance.py:1083} INFO - Dependencies all met for <TaskInstance: create_bronze_ddl.create_transaction_table manual__2024-10-28T16:37:44.172953+00:00 [queued]>
[2024-10-28T16:37:46.479+0000] {taskinstance.py:1279} INFO - 
--------------------------------------------------------------------------------
[2024-10-28T16:37:46.480+0000] {taskinstance.py:1280} INFO - Starting attempt 1 of 2
[2024-10-28T16:37:46.481+0000] {taskinstance.py:1281} INFO - 
--------------------------------------------------------------------------------
[2024-10-28T16:37:46.503+0000] {taskinstance.py:1300} INFO - Executing <Task(PostgresOperator): create_transaction_table> on 2024-10-28 16:37:44.172953+00:00
[2024-10-28T16:37:46.514+0000] {standard_task_runner.py:55} INFO - Started process 4105 to run task
[2024-10-28T16:37:46.518+0000] {standard_task_runner.py:82} INFO - Running: ['***', 'tasks', 'run', 'create_bronze_ddl', 'create_transaction_table', 'manual__2024-10-28T16:37:44.172953+00:00', '--job-id', '24', '--raw', '--subdir', 'DAGS_FOLDER/create_bronze_ddl.py', '--cfg-path', '/tmp/tmpzgrjqn2h']
[2024-10-28T16:37:46.519+0000] {standard_task_runner.py:83} INFO - Job 24: Subtask create_transaction_table
[2024-10-28T16:37:46.700+0000] {task_command.py:388} INFO - Running <TaskInstance: create_bronze_ddl.create_transaction_table manual__2024-10-28T16:37:44.172953+00:00 [running]> on host 351cc7a93433
[2024-10-28T16:37:46.869+0000] {taskinstance.py:1509} INFO - Exporting the following env vars:
AIRFLOW_CTX_DAG_OWNER=anduy
AIRFLOW_CTX_DAG_ID=create_bronze_ddl
AIRFLOW_CTX_TASK_ID=create_transaction_table
AIRFLOW_CTX_EXECUTION_DATE=2024-10-28T16:37:44.172953+00:00
AIRFLOW_CTX_TRY_NUMBER=1
AIRFLOW_CTX_DAG_RUN_ID=manual__2024-10-28T16:37:44.172953+00:00
[2024-10-28T16:37:46.870+0000] {sql.py:254} INFO - Executing: CREATE TABLE IF NOT EXISTS bronze.Transaction (
    Transaction_Id VARCHAR(255),           -- ID giao dịch, có thể có giá trị trùng lặp và NULL
    Customer_id INTEGER,                   -- ID khách hàng, có thể có giá trị trùng lặp và NULL
    Product_id INTEGER,                    -- ID sản phẩm, có thể NULL
    Date DATE,                             -- Ngày giao dịch, định dạng ngày (YYYY-MM-DD), không có giá trị NULL
    Time TIME,                             -- Thời gian giao dịch, không có giá trị NULL
    Quantity INTEGER,                      -- Số lượng, có thể NULL
    Price DECIMAL(15, 2),                  -- Giá, có thể NULL
    Feedback TEXT,                         -- Phản hồi từ khách hàng, có thể NULL
    Ship_method VARCHAR(50),               -- Phương thức vận chuyển, có thể NULL
    Payment_method VARCHAR(50),            -- Phương thức thanh toán, có thể NULL
    Order_Status VARCHAR(50),              -- Trạng thái đơn hàng, có thể NULL
    Ratings DECIMAL(2, 1)                  -- Đánh giá, có thể NULL, định dạng cho rating (ví dụ: 4.5)
);
[2024-10-28T16:37:46.886+0000] {base.py:73} INFO - Using connection ID 'Airflow_postgres' for task execution.
[2024-10-28T16:37:47.330+0000] {base.py:73} INFO - Using connection ID 'Airflow_postgres' for task execution.
[2024-10-28T16:37:47.343+0000] {sql.py:375} INFO - Running statement: CREATE TABLE IF NOT EXISTS bronze.Transaction (
    Transaction_Id VARCHAR(255),           -- ID giao dịch, có thể có giá trị trùng lặp và NULL
    Customer_id INTEGER,                   -- ID khách hàng, có thể có giá trị trùng lặp và NULL
    Product_id INTEGER,                    -- ID sản phẩm, có thể NULL
    Date DATE,                             -- Ngày giao dịch, định dạng ngày (YYYY-MM-DD), không có giá trị NULL
    Time TIME,                             -- Thời gian giao dịch, không có giá trị NULL
    Quantity INTEGER,                      -- Số lượng, có thể NULL
    Price DECIMAL(15, 2),                  -- Giá, có thể NULL
    Feedback TEXT,                         -- Phản hồi từ khách hàng, có thể NULL
    Ship_method VARCHAR(50),               -- Phương thức vận chuyển, có thể NULL
    Payment_method VARCHAR(50),            -- Phương thức thanh toán, có thể NULL
    Order_Status VARCHAR(50),              -- Trạng thái đơn hàng, có thể NULL
    Ratings DECIMAL(2, 1)                  -- Đánh giá, có thể NULL, định dạng cho rating (ví dụ: 4.5)
);, parameters: None
[2024-10-28T16:37:47.368+0000] {taskinstance.py:1323} INFO - Marking task as SUCCESS. dag_id=create_bronze_ddl, task_id=create_transaction_table, execution_date=20241028T163744, start_date=20241028T163746, end_date=20241028T163747
[2024-10-28T16:37:47.456+0000] {local_task_job.py:208} INFO - Task exited with return code 0
[2024-10-28T16:37:47.492+0000] {taskinstance.py:2578} INFO - 0 downstream tasks scheduled from follow-on schedule check
