[2024-10-28T16:49:58.339+0000] {taskinstance.py:1083} INFO - Dependencies all met for <TaskInstance: create_bronze_ddl.create_schema manual__2024-10-28T16:49:57.335484+00:00 [queued]>
[2024-10-28T16:49:58.350+0000] {taskinstance.py:1083} INFO - Dependencies all met for <TaskInstance: create_bronze_ddl.create_schema manual__2024-10-28T16:49:57.335484+00:00 [queued]>
[2024-10-28T16:49:58.351+0000] {taskinstance.py:1279} INFO - 
--------------------------------------------------------------------------------
[2024-10-28T16:49:58.352+0000] {taskinstance.py:1280} INFO - Starting attempt 1 of 2
[2024-10-28T16:49:58.352+0000] {taskinstance.py:1281} INFO - 
--------------------------------------------------------------------------------
[2024-10-28T16:49:58.367+0000] {taskinstance.py:1300} INFO - Executing <Task(PostgresOperator): create_schema> on 2024-10-28 16:49:57.335484+00:00
[2024-10-28T16:49:58.372+0000] {standard_task_runner.py:55} INFO - Started process 5349 to run task
[2024-10-28T16:49:58.375+0000] {standard_task_runner.py:82} INFO - Running: ['***', 'tasks', 'run', 'create_bronze_ddl', 'create_schema', 'manual__2024-10-28T16:49:57.335484+00:00', '--job-id', '32', '--raw', '--subdir', 'DAGS_FOLDER/create_bronze_ddl.py', '--cfg-path', '/tmp/tmpvvejjlvy']
[2024-10-28T16:49:58.376+0000] {standard_task_runner.py:83} INFO - Job 32: Subtask create_schema
[2024-10-28T16:49:58.444+0000] {task_command.py:388} INFO - Running <TaskInstance: create_bronze_ddl.create_schema manual__2024-10-28T16:49:57.335484+00:00 [running]> on host 351cc7a93433
[2024-10-28T16:49:58.542+0000] {taskinstance.py:1509} INFO - Exporting the following env vars:
AIRFLOW_CTX_DAG_OWNER=anduy
AIRFLOW_CTX_DAG_ID=create_bronze_ddl
AIRFLOW_CTX_TASK_ID=create_schema
AIRFLOW_CTX_EXECUTION_DATE=2024-10-28T16:49:57.335484+00:00
AIRFLOW_CTX_TRY_NUMBER=1
AIRFLOW_CTX_DAG_RUN_ID=manual__2024-10-28T16:49:57.335484+00:00
[2024-10-28T16:49:58.543+0000] {sql.py:254} INFO - Executing: CREATE SCHEMA IF NOT EXISTS bronze;
[2024-10-28T16:49:58.556+0000] {base.py:73} INFO - Using connection ID 'Airflow_postgres' for task execution.
[2024-10-28T16:49:58.807+0000] {base.py:73} INFO - Using connection ID 'Airflow_postgres' for task execution.
[2024-10-28T16:49:58.812+0000] {sql.py:375} INFO - Running statement: CREATE SCHEMA IF NOT EXISTS bronze;, parameters: None
[2024-10-28T16:49:58.822+0000] {taskinstance.py:1323} INFO - Marking task as SUCCESS. dag_id=create_bronze_ddl, task_id=create_schema, execution_date=20241028T164957, start_date=20241028T164958, end_date=20241028T164958
[2024-10-28T16:49:58.868+0000] {local_task_job.py:208} INFO - Task exited with return code 0
[2024-10-28T16:49:58.914+0000] {taskinstance.py:2578} INFO - 1 downstream tasks scheduled from follow-on schedule check
