[2024-10-28T16:38:38.938+0000] {taskinstance.py:1083} INFO - Dependencies all met for <TaskInstance: create_bronze_ddl.create_city_table manual__2024-10-28T16:38:36.502638+00:00 [queued]>
[2024-10-28T16:38:38.954+0000] {taskinstance.py:1083} INFO - Dependencies all met for <TaskInstance: create_bronze_ddl.create_city_table manual__2024-10-28T16:38:36.502638+00:00 [queued]>
[2024-10-28T16:38:38.954+0000] {taskinstance.py:1279} INFO - 
--------------------------------------------------------------------------------
[2024-10-28T16:38:38.955+0000] {taskinstance.py:1280} INFO - Starting attempt 1 of 2
[2024-10-28T16:38:38.955+0000] {taskinstance.py:1281} INFO - 
--------------------------------------------------------------------------------
[2024-10-28T16:38:38.972+0000] {taskinstance.py:1300} INFO - Executing <Task(PostgresOperator): create_city_table> on 2024-10-28 16:38:36.502638+00:00
[2024-10-28T16:38:38.983+0000] {standard_task_runner.py:55} INFO - Started process 4196 to run task
[2024-10-28T16:38:38.986+0000] {standard_task_runner.py:82} INFO - Running: ['***', 'tasks', 'run', 'create_bronze_ddl', 'create_city_table', 'manual__2024-10-28T16:38:36.502638+00:00', '--job-id', '30', '--raw', '--subdir', 'DAGS_FOLDER/create_bronze_ddl.py', '--cfg-path', '/tmp/tmp72wmlmmo']
[2024-10-28T16:38:38.987+0000] {standard_task_runner.py:83} INFO - Job 30: Subtask create_city_table
[2024-10-28T16:38:39.062+0000] {task_command.py:388} INFO - Running <TaskInstance: create_bronze_ddl.create_city_table manual__2024-10-28T16:38:36.502638+00:00 [running]> on host 351cc7a93433
[2024-10-28T16:38:39.140+0000] {taskinstance.py:1509} INFO - Exporting the following env vars:
AIRFLOW_CTX_DAG_OWNER=anduy
AIRFLOW_CTX_DAG_ID=create_bronze_ddl
AIRFLOW_CTX_TASK_ID=create_city_table
AIRFLOW_CTX_EXECUTION_DATE=2024-10-28T16:38:36.502638+00:00
AIRFLOW_CTX_TRY_NUMBER=1
AIRFLOW_CTX_DAG_RUN_ID=manual__2024-10-28T16:38:36.502638+00:00
[2024-10-28T16:38:39.141+0000] {sql.py:254} INFO - Executing: CREATE TABLE IF NOT EXISTS bronze.City (
    City_id SERIAL PRIMARY KEY,       -- Khóa chính, tự động tăng
    City VARCHAR(255) NOT NULL,       -- Tên thành phố, không cho phép NULL
    State VARCHAR(255),               -- Tên bang hoặc tỉnh, có thể để NULL
    Country VARCHAR(255) NOT NULL     -- Tên quốc gia, không cho phép NULL
);
[2024-10-28T16:38:39.150+0000] {base.py:73} INFO - Using connection ID 'Airflow_postgres' for task execution.
[2024-10-28T16:38:39.351+0000] {base.py:73} INFO - Using connection ID 'Airflow_postgres' for task execution.
[2024-10-28T16:38:39.355+0000] {sql.py:375} INFO - Running statement: CREATE TABLE IF NOT EXISTS bronze.City (
    City_id SERIAL PRIMARY KEY,       -- Khóa chính, tự động tăng
    City VARCHAR(255) NOT NULL,       -- Tên thành phố, không cho phép NULL
    State VARCHAR(255),               -- Tên bang hoặc tỉnh, có thể để NULL
    Country VARCHAR(255) NOT NULL     -- Tên quốc gia, không cho phép NULL
);, parameters: None
[2024-10-28T16:38:39.375+0000] {taskinstance.py:1323} INFO - Marking task as SUCCESS. dag_id=create_bronze_ddl, task_id=create_city_table, execution_date=20241028T163836, start_date=20241028T163838, end_date=20241028T163839
[2024-10-28T16:38:39.399+0000] {local_task_job.py:208} INFO - Task exited with return code 0
[2024-10-28T16:38:39.426+0000] {taskinstance.py:2578} INFO - 0 downstream tasks scheduled from follow-on schedule check
