[2024-10-28T16:38:38.861+0000] {taskinstance.py:1083} INFO - Dependencies all met for <TaskInstance: create_bronze_ddl.create_product_table manual__2024-10-28T16:38:36.502638+00:00 [queued]>
[2024-10-28T16:38:38.875+0000] {taskinstance.py:1083} INFO - Dependencies all met for <TaskInstance: create_bronze_ddl.create_product_table manual__2024-10-28T16:38:36.502638+00:00 [queued]>
[2024-10-28T16:38:38.876+0000] {taskinstance.py:1279} INFO - 
--------------------------------------------------------------------------------
[2024-10-28T16:38:38.876+0000] {taskinstance.py:1280} INFO - Starting attempt 1 of 2
[2024-10-28T16:38:38.876+0000] {taskinstance.py:1281} INFO - 
--------------------------------------------------------------------------------
[2024-10-28T16:38:38.894+0000] {taskinstance.py:1300} INFO - Executing <Task(PostgresOperator): create_product_table> on 2024-10-28 16:38:36.502638+00:00
[2024-10-28T16:38:38.904+0000] {standard_task_runner.py:55} INFO - Started process 4194 to run task
[2024-10-28T16:38:38.909+0000] {standard_task_runner.py:82} INFO - Running: ['***', 'tasks', 'run', 'create_bronze_ddl', 'create_product_table', 'manual__2024-10-28T16:38:36.502638+00:00', '--job-id', '29', '--raw', '--subdir', 'DAGS_FOLDER/create_bronze_ddl.py', '--cfg-path', '/tmp/tmpjt_moct0']
[2024-10-28T16:38:38.910+0000] {standard_task_runner.py:83} INFO - Job 29: Subtask create_product_table
[2024-10-28T16:38:38.983+0000] {task_command.py:388} INFO - Running <TaskInstance: create_bronze_ddl.create_product_table manual__2024-10-28T16:38:36.502638+00:00 [running]> on host 351cc7a93433
[2024-10-28T16:38:39.060+0000] {taskinstance.py:1509} INFO - Exporting the following env vars:
AIRFLOW_CTX_DAG_OWNER=anduy
AIRFLOW_CTX_DAG_ID=create_bronze_ddl
AIRFLOW_CTX_TASK_ID=create_product_table
AIRFLOW_CTX_EXECUTION_DATE=2024-10-28T16:38:36.502638+00:00
AIRFLOW_CTX_TRY_NUMBER=1
AIRFLOW_CTX_DAG_RUN_ID=manual__2024-10-28T16:38:36.502638+00:00
[2024-10-28T16:38:39.061+0000] {sql.py:254} INFO - Executing: CREATE TABLE IF NOT EXISTS bronze.Product (
    Product_id SERIAL PRIMARY KEY,       -- Khóa chính, tự động tăng
    Product_name VARCHAR(255) NOT NULL,  -- Tên sản phẩm, không cho phép NULL
    Product_Brand VARCHAR(255),          -- Thương hiệu sản phẩm, có thể để NULL
    Product_Type VARCHAR(255)            -- Loại sản phẩm, có thể để NULL
);
[2024-10-28T16:38:39.071+0000] {base.py:73} INFO - Using connection ID 'Airflow_postgres' for task execution.
[2024-10-28T16:38:39.287+0000] {base.py:73} INFO - Using connection ID 'Airflow_postgres' for task execution.
[2024-10-28T16:38:39.290+0000] {sql.py:375} INFO - Running statement: CREATE TABLE IF NOT EXISTS bronze.Product (
    Product_id SERIAL PRIMARY KEY,       -- Khóa chính, tự động tăng
    Product_name VARCHAR(255) NOT NULL,  -- Tên sản phẩm, không cho phép NULL
    Product_Brand VARCHAR(255),          -- Thương hiệu sản phẩm, có thể để NULL
    Product_Type VARCHAR(255)            -- Loại sản phẩm, có thể để NULL
);, parameters: None
[2024-10-28T16:38:39.306+0000] {taskinstance.py:1323} INFO - Marking task as SUCCESS. dag_id=create_bronze_ddl, task_id=create_product_table, execution_date=20241028T163836, start_date=20241028T163838, end_date=20241028T163839
[2024-10-28T16:38:39.364+0000] {local_task_job.py:208} INFO - Task exited with return code 0
[2024-10-28T16:38:39.384+0000] {taskinstance.py:2578} INFO - 0 downstream tasks scheduled from follow-on schedule check
