[2024-10-28T16:50:00.575+0000] {taskinstance.py:1083} INFO - Dependencies all met for <TaskInstance: create_bronze_ddl.create_city_table manual__2024-10-28T16:49:57.335484+00:00 [queued]>
[2024-10-28T16:50:00.591+0000] {taskinstance.py:1083} INFO - Dependencies all met for <TaskInstance: create_bronze_ddl.create_city_table manual__2024-10-28T16:49:57.335484+00:00 [queued]>
[2024-10-28T16:50:00.592+0000] {taskinstance.py:1279} INFO - 
--------------------------------------------------------------------------------
[2024-10-28T16:50:00.592+0000] {taskinstance.py:1280} INFO - Starting attempt 1 of 2
[2024-10-28T16:50:00.592+0000] {taskinstance.py:1281} INFO - 
--------------------------------------------------------------------------------
[2024-10-28T16:50:00.605+0000] {taskinstance.py:1300} INFO - Executing <Task(PostgresOperator): create_city_table> on 2024-10-28 16:49:57.335484+00:00
[2024-10-28T16:50:00.612+0000] {standard_task_runner.py:55} INFO - Started process 5364 to run task
[2024-10-28T16:50:00.615+0000] {standard_task_runner.py:82} INFO - Running: ['***', 'tasks', 'run', 'create_bronze_ddl', 'create_city_table', 'manual__2024-10-28T16:49:57.335484+00:00', '--job-id', '34', '--raw', '--subdir', 'DAGS_FOLDER/create_bronze_ddl.py', '--cfg-path', '/tmp/tmposucilpf']
[2024-10-28T16:50:00.616+0000] {standard_task_runner.py:83} INFO - Job 34: Subtask create_city_table
[2024-10-28T16:50:00.672+0000] {task_command.py:388} INFO - Running <TaskInstance: create_bronze_ddl.create_city_table manual__2024-10-28T16:49:57.335484+00:00 [running]> on host 351cc7a93433
[2024-10-28T16:50:00.735+0000] {taskinstance.py:1509} INFO - Exporting the following env vars:
AIRFLOW_CTX_DAG_OWNER=anduy
AIRFLOW_CTX_DAG_ID=create_bronze_ddl
AIRFLOW_CTX_TASK_ID=create_city_table
AIRFLOW_CTX_EXECUTION_DATE=2024-10-28T16:49:57.335484+00:00
AIRFLOW_CTX_TRY_NUMBER=1
AIRFLOW_CTX_DAG_RUN_ID=manual__2024-10-28T16:49:57.335484+00:00
[2024-10-28T16:50:00.736+0000] {sql.py:254} INFO - Executing: CREATE TABLE IF NOT EXISTS bronze.City (
    City_id SERIAL PRIMARY KEY,       -- Khóa chính, tự động tăng
    City VARCHAR(255) NOT NULL,       -- Tên thành phố, không cho phép NULL
    State VARCHAR(255),               -- Tên bang hoặc tỉnh, có thể để NULL
    Country VARCHAR(255) NOT NULL     -- Tên quốc gia, không cho phép NULL
);
[2024-10-28T16:50:00.745+0000] {base.py:73} INFO - Using connection ID 'Airflow_postgres' for task execution.
[2024-10-28T16:50:00.929+0000] {base.py:73} INFO - Using connection ID 'Airflow_postgres' for task execution.
[2024-10-28T16:50:00.933+0000] {sql.py:375} INFO - Running statement: CREATE TABLE IF NOT EXISTS bronze.City (
    City_id SERIAL PRIMARY KEY,       -- Khóa chính, tự động tăng
    City VARCHAR(255) NOT NULL,       -- Tên thành phố, không cho phép NULL
    State VARCHAR(255),               -- Tên bang hoặc tỉnh, có thể để NULL
    Country VARCHAR(255) NOT NULL     -- Tên quốc gia, không cho phép NULL
);, parameters: None
[2024-10-28T16:50:00.944+0000] {taskinstance.py:1323} INFO - Marking task as SUCCESS. dag_id=create_bronze_ddl, task_id=create_city_table, execution_date=20241028T164957, start_date=20241028T165000, end_date=20241028T165000
[2024-10-28T16:50:00.988+0000] {local_task_job.py:208} INFO - Task exited with return code 0
[2024-10-28T16:50:01.016+0000] {taskinstance.py:2578} INFO - 1 downstream tasks scheduled from follow-on schedule check
