[2024-10-28T16:37:46.965+0000] {taskinstance.py:1083} INFO - Dependencies all met for <TaskInstance: create_bronze_ddl.create_customer_table manual__2024-10-28T16:37:44.172953+00:00 [queued]>
[2024-10-28T16:37:46.995+0000] {taskinstance.py:1083} INFO - Dependencies all met for <TaskInstance: create_bronze_ddl.create_customer_table manual__2024-10-28T16:37:44.172953+00:00 [queued]>
[2024-10-28T16:37:46.999+0000] {taskinstance.py:1279} INFO - 
--------------------------------------------------------------------------------
[2024-10-28T16:37:47.008+0000] {taskinstance.py:1280} INFO - Starting attempt 1 of 2
[2024-10-28T16:37:47.009+0000] {taskinstance.py:1281} INFO - 
--------------------------------------------------------------------------------
[2024-10-28T16:37:47.056+0000] {taskinstance.py:1300} INFO - Executing <Task(PostgresOperator): create_customer_table> on 2024-10-28 16:37:44.172953+00:00
[2024-10-28T16:37:47.071+0000] {standard_task_runner.py:55} INFO - Started process 4106 to run task
[2024-10-28T16:37:47.075+0000] {standard_task_runner.py:82} INFO - Running: ['***', 'tasks', 'run', 'create_bronze_ddl', 'create_customer_table', 'manual__2024-10-28T16:37:44.172953+00:00', '--job-id', '25', '--raw', '--subdir', 'DAGS_FOLDER/create_bronze_ddl.py', '--cfg-path', '/tmp/tmp34fcm5wq']
[2024-10-28T16:37:47.076+0000] {standard_task_runner.py:83} INFO - Job 25: Subtask create_customer_table
[2024-10-28T16:37:47.209+0000] {task_command.py:388} INFO - Running <TaskInstance: create_bronze_ddl.create_customer_table manual__2024-10-28T16:37:44.172953+00:00 [running]> on host 351cc7a93433
[2024-10-28T16:37:47.360+0000] {taskinstance.py:1509} INFO - Exporting the following env vars:
AIRFLOW_CTX_DAG_OWNER=anduy
AIRFLOW_CTX_DAG_ID=create_bronze_ddl
AIRFLOW_CTX_TASK_ID=create_customer_table
AIRFLOW_CTX_EXECUTION_DATE=2024-10-28T16:37:44.172953+00:00
AIRFLOW_CTX_TRY_NUMBER=1
AIRFLOW_CTX_DAG_RUN_ID=manual__2024-10-28T16:37:44.172953+00:00
[2024-10-28T16:37:47.361+0000] {sql.py:254} INFO - Executing: CREATE TABLE IF NOT EXISTS bronze.Customer (
    Customer_id SERIAL PRIMARY KEY,       -- Khóa chính, tự động tăng
    Name VARCHAR(255),                    -- Có thể để null
    Email VARCHAR(255),                   -- Có thể để null
    Phone VARCHAR(20),                    -- Có thể để null
    Address TEXT,                         -- Có thể để null
    City_id INTEGER,                      -- Có thể để null
    Age INTEGER,                          -- Có thể để null
    Gender VARCHAR(10),                   -- Có thể để null, dùng giá trị như 'Male', 'Female', v.v.
    Income DECIMAL(15, 2),                -- Có thể để null, định dạng cho thu nhập
    Customer_segment VARCHAR(50)          -- Có thể để null, phân đoạn khách hàng
);
[2024-10-28T16:37:47.381+0000] {base.py:73} INFO - Using connection ID 'Airflow_postgres' for task execution.
[2024-10-28T16:37:47.757+0000] {base.py:73} INFO - Using connection ID 'Airflow_postgres' for task execution.
[2024-10-28T16:37:47.761+0000] {sql.py:375} INFO - Running statement: CREATE TABLE IF NOT EXISTS bronze.Customer (
    Customer_id SERIAL PRIMARY KEY,       -- Khóa chính, tự động tăng
    Name VARCHAR(255),                    -- Có thể để null
    Email VARCHAR(255),                   -- Có thể để null
    Phone VARCHAR(20),                    -- Có thể để null
    Address TEXT,                         -- Có thể để null
    City_id INTEGER,                      -- Có thể để null
    Age INTEGER,                          -- Có thể để null
    Gender VARCHAR(10),                   -- Có thể để null, dùng giá trị như 'Male', 'Female', v.v.
    Income DECIMAL(15, 2),                -- Có thể để null, định dạng cho thu nhập
    Customer_segment VARCHAR(50)          -- Có thể để null, phân đoạn khách hàng
);, parameters: None
[2024-10-28T16:37:47.771+0000] {taskinstance.py:1323} INFO - Marking task as SUCCESS. dag_id=create_bronze_ddl, task_id=create_customer_table, execution_date=20241028T163744, start_date=20241028T163746, end_date=20241028T163747
[2024-10-28T16:37:47.815+0000] {local_task_job.py:208} INFO - Task exited with return code 0
[2024-10-28T16:37:47.837+0000] {taskinstance.py:2578} INFO - 0 downstream tasks scheduled from follow-on schedule check
